<?xml version="1.0" encoding="UTF-8"?>
<!-- Generated by org.testng.reporters.JUnitXMLReporter -->
<testsuite ignored="0" hostname="LAPTOP-T7PI7EN2" failures="3" tests="5" name="Login" time="0.751" errors="0" timestamp="2024-06-22T10:38:57 IST">
  <testcase classname="core.Page" name="@BeforeTest beforeTest" time="0.009">
    <skipped/>
  </testcase> <!-- @BeforeTest beforeTest -->
  <testcase classname="core.Page" name="@AfterTest afterTest" time="-1.719032937563E9">
    <skipped/>
  </testcase> <!-- @AfterTest afterTest -->
  <testcase classname="testcases.LoginTest" name="useridtest" time="0.0">
    <skipped/>
  </testcase> <!-- useridtest -->
  <testcase classname="testcases.LoginTest" name="passwordtest" time="0.0">
    <skipped/>
  </testcase> <!-- passwordtest -->
  <testcase classname="testcases.ProductSearchTest" name="search" time="0.004">
    <failure type="java.lang.NullPointerException" message="Cannot invoke &amp;quot;com.aventstack.extentreports.ExtentReports.createTest(String)&amp;quot; because &amp;quot;core.Hook.extent&amp;quot; is null">
      <![CDATA[java.lang.NullPointerException: Cannot invoke "com.aventstack.extentreports.ExtentReports.createTest(String)" because "core.Hook.extent" is null
at testcases.ProductSearchTest.search(ProductSearchTest.java:22)
at java.base/java.util.ArrayList.forEach(ArrayList.java:1511)
... Removed 27 stack frames]]>
    </failure>
  </testcase> <!-- search -->
  <testcase classname="testcases.ProductSearchTest" name="search" time="0.001">
    <failure type="java.lang.NullPointerException" message="Cannot invoke &amp;quot;com.aventstack.extentreports.ExtentReports.createTest(String)&amp;quot; because &amp;quot;core.Hook.extent&amp;quot; is null">
      <![CDATA[java.lang.NullPointerException: Cannot invoke "com.aventstack.extentreports.ExtentReports.createTest(String)" because "core.Hook.extent" is null
at testcases.ProductSearchTest.search(ProductSearchTest.java:22)
at java.base/java.util.ArrayList.forEach(ArrayList.java:1511)
... Removed 27 stack frames]]>
    </failure>
  </testcase> <!-- search -->
  <testcase classname="testcases.ProductSearchTest" name="search" time="0.0">
    <failure type="java.lang.NullPointerException" message="Cannot invoke &amp;quot;com.aventstack.extentreports.ExtentReports.createTest(String)&amp;quot; because &amp;quot;core.Hook.extent&amp;quot; is null">
      <![CDATA[java.lang.NullPointerException: Cannot invoke "com.aventstack.extentreports.ExtentReports.createTest(String)" because "core.Hook.extent" is null
at testcases.ProductSearchTest.search(ProductSearchTest.java:22)
at java.base/java.util.ArrayList.forEach(ArrayList.java:1511)
... Removed 27 stack frames]]>
    </failure>
  </testcase> <!-- search -->
</testsuite> <!-- Login -->
