<!DOCTYPE html PUBLIC "-//W3C//DTD XHTML 1.1//EN" "https://www.w3.org/TR/xhtml11/DTD/xhtml11.dtd">
<html xmlns="https://www.w3.org/1999/xhtml">
<head>
<meta http-equiv="content-type" content="text/html; charset=UTF-8"/>
<title>TestNG Report</title>
<style type="text/css">table {margin-bottom:10px;border-collapse:collapse;empty-cells:show}th,td {border:1px solid #009;padding:.25em .5em}th {vertical-align:bottom}td {vertical-align:top}table a {font-weight:bold}.stripe td {background-color: #E6EBF9}.num {text-align:right}.passedodd td {background-color: #3F3}.passedeven td {background-color: #0A0}.skippedodd td {background-color: #DDD}.skippedeven td {background-color: #CCC}.failedodd td,.attn {background-color: #F33}.failedeven td,.stripe .attn {background-color: #D00}.stacktrace {white-space:pre;font-family:monospace}.totop {font-size:85%;text-align:center;border-bottom:2px solid #000}.invisible {display:none}</style>
</head>
<body>
<table>
<tr><th>Test</th><th># Passed</th><th># Skipped</th><th># Retried</th><th># Failed</th><th>Time (ms)</th><th>Included Groups</th><th>Excluded Groups</th></tr>
<tr><th colspan="8">Suite</th></tr>
<tr><td><a href="#t0">Login</a></td><td class="num">0</td><td class="num attn">2</td><td class="num">0</td><td class="num attn">3</td><td class="num">585</td><td></td><td></td></tr>
<tr class="stripe"><td><a href="#t1">forget</a></td><td class="num">1</td><td class="num">0</td><td class="num">0</td><td class="num">0</td><td class="num">6,392</td><td></td><td></td></tr>
<tr><th>Total</th><th class="num">1</th><th class="num attn">2</th><th class="num">0</th><th class="num attn">3</th><th class="num">6,977</th><th colspan="2"></th></tr>
</table>
<table id='summary'><thead><tr><th>Class</th><th>Method</th><th>Start</th><th>Time (ms)</th></tr></thead><tbody><tr><th colspan="4">Suite</th></tr></tbody><tbody id="t0"><tr><th colspan="4">Login &#8212; failed</th></tr><tr class="failedeven"><td rowspan="3">testcases.ProductSearchTest</td><td><a href="#m0">search</a></td><td rowspan="3">1719034363426</td><td rowspan="3">0</td></tr><tr class="failedeven"><td><a href="#m1">search</a></td></tr><tr class="failedeven"><td><a href="#m2">search</a></td></tr><tr><th colspan="4">Login &#8212; skipped (configuration methods)</th></tr><tr class="skippedeven"><td rowspan="2">testcases.LoginTest</td><td><a href="#m3">afterTest</a></td><td rowspan="1">1719034363427</td><td rowspan="1">0</td></tr><tr class="skippedeven"><td><a href="#m4">beforeTest</a></td><td rowspan="1">1719034362845</td><td rowspan="1">15</td></tr><tr><th colspan="4">Login &#8212; skipped</th></tr><tr class="skippedeven"><td rowspan="2">testcases.LoginTest</td><td><a href="#m5">passwordtest</a></td><td rowspan="1">1719034362889</td><td rowspan="1">0</td></tr><tr class="skippedeven"><td><a href="#m6">useridtest</a></td><td rowspan="1">1719034362884</td><td rowspan="1">0</td></tr></tbody>
<tbody id="t1"><tr><th colspan="4">forget &#8212; passed</th></tr><tr class="passedeven"><td rowspan="1">testcases.ForgetPwdTest</td><td><a href="#m7">forgettest</a></td><td rowspan="1">1719034367282</td><td rowspan="1">2083</td></tr></tbody>
</table>
<h2>Login</h2><h3 id="m0">testcases.ProductSearchTest#search</h3><table class="result"><tr class="param"><th>Parameter #1</th></tr><tr class="param stripe"><td>Pant</td></tr><tr><th>Exception</th></tr><tr><td><div class="stacktrace">java.lang.NullPointerException: Cannot invoke &quot;com.aventstack.extentreports.ExtentReports.createTest(String)&quot; because &quot;core.Hook.extent&quot; is null
	at testcases.ProductSearchTest.search(ProductSearchTest.java:22)
	at java.base/java.util.ArrayList.forEach(ArrayList.java:1511)
... Removed 31 stack frames</div></td></tr></table><p class="totop"><a href="#summary">back to summary</a></p>
<h3 id="m1">testcases.ProductSearchTest#search</h3><table class="result"><tr class="param"><th>Parameter #1</th></tr><tr class="param stripe"><td>Coat</td></tr><tr><th>Exception</th></tr><tr><td><div class="stacktrace">java.lang.NullPointerException: Cannot invoke &quot;com.aventstack.extentreports.ExtentReports.createTest(String)&quot; because &quot;core.Hook.extent&quot; is null
	at testcases.ProductSearchTest.search(ProductSearchTest.java:22)
	at java.base/java.util.ArrayList.forEach(ArrayList.java:1511)
... Removed 31 stack frames</div></td></tr></table><p class="totop"><a href="#summary">back to summary</a></p>
<h3 id="m2">testcases.ProductSearchTest#search</h3><table class="result"><tr class="param"><th>Parameter #1</th></tr><tr class="param stripe"><td>Shirt</td></tr><tr><th>Exception</th></tr><tr><td><div class="stacktrace">java.lang.NullPointerException: Cannot invoke &quot;com.aventstack.extentreports.ExtentReports.createTest(String)&quot; because &quot;core.Hook.extent&quot; is null
	at testcases.ProductSearchTest.search(ProductSearchTest.java:22)
	at java.base/java.util.ArrayList.forEach(ArrayList.java:1511)
... Removed 31 stack frames</div></td></tr></table><p class="totop"><a href="#summary">back to summary</a></p>
<h3 id="m3">testcases.LoginTest#afterTest</h3><table class="result"><tr><th class="invisible"/></tr></table><p class="totop"><a href="#summary">back to summary</a></p>
<h3 id="m4">testcases.LoginTest#beforeTest</h3><table class="result"><tr class="param"><th>Parameter #1</th><th>Parameter #2</th><th>Parameter #3</th><th>Parameter #4</th><th>Parameter #5</th></tr><tr class="param stripe"><td>Login</td><td>chrome</td><td>https://www.amazon.in/</td><td>Login</td><td>false</td></tr><tr><th colspan="5">Exception</th></tr><tr><td colspan="5"><div class="stacktrace">org.testng.SkipException: Skip Test Login
	at core.Page.beforeTest(Page.java:37)
... Removed 28 stack frames</div></td></tr></table><p class="totop"><a href="#summary">back to summary</a></p>
<h3 id="m5">testcases.LoginTest#passwordtest</h3><table class="result"><tr><th>Exception</th></tr><tr><td><div class="stacktrace">java.lang.Throwable: Method testcases.LoginTest.passwordtest() on instance testcases.LoginTest@4c9f8c13 depends on not successfully finished methods 
[testcases.LoginTest.useridtest() on instance testcases.LoginTest@4c9f8c13]
	at java.base/java.util.ArrayList.forEach(ArrayList.java:1511)
... Removed 22 stack frames</div></td></tr></table><p class="totop"><a href="#summary">back to summary</a></p>
<h3 id="m6">testcases.LoginTest#useridtest</h3><table class="result"><tr><th>Exception</th></tr><tr><td><div class="stacktrace">org.testng.SkipException: Skip Test Login
	at core.Page.beforeTest(Page.java:37)
... Removed 28 stack frames</div></td></tr></table><p class="totop"><a href="#summary">back to summary</a></p>
<h2>forget</h2><h3 id="m7">testcases.ForgetPwdTest#forgettest</h3><table class="result"><tr><th class="invisible"/></tr></table><p class="totop"><a href="#summary">back to summary</a></p>
</body>
</html>
